Build started 8/10/2017 10:06:30 AM.
     1>Project "Z:\c++2\assisgnment\pacman\pacman\pacman.vcxproj" on node 2 (build target(s)).
     1>InitializeBuildStatus:
         Creating "Debug\pacman.unsuccessfulbuild" because "AlwaysCreate" was specified.
       ClCompile:
         c:\Program Files (x86)\Microsoft Visual Studio 10.0\VC\bin\CL.exe /c /I"Z:\c++2\assisgnment\pacman\SFML-2.3.2\include" /ZI /nologo /W3 /WX- /Od /Oy- /D SFML_STATIC /D WIN32 /D _DEBUG /D _WINDOWS /D _UNICODE /D UNICODE /Gm /EHsc /RTC1 /MDd /GS /fp:precise /Zc:wchar_t /Zc:forScope /Fo"Debug\\" /Fd"Debug\vc100.pdb" /Gd /TP /analyze- /errorReport:prompt main.cpp
         main.cpp
       ManifestResourceCompile:
         All outputs are up-to-date.
       Link:
         c:\Program Files (x86)\Microsoft Visual Studio 10.0\VC\bin\link.exe /ERRORREPORT:PROMPT /OUT:"Z:\c++2\assisgnment\pacman\Debug\pacman.exe" /INCREMENTAL /NOLOGO /LIBPATH:"Z:\c++2\assisgnment\pacman\SFML-2.3.2\lib" "sfml-graphics-s-d.lib" "sfml-window-s-d.lib" "sfml-system-s-d.lib" opengl32.lib freetype.lib jpeg.lib winmm.lib kernel32.lib user32.lib gdi32.lib winspool.lib comdlg32.lib advapi32.lib shell32.lib ole32.lib oleaut32.lib uuid.lib odbc32.lib odbccp32.lib kernel32.lib user32.lib gdi32.lib winspool.lib comdlg32.lib advapi32.lib shell32.lib ole32.lib oleaut32.lib uuid.lib odbc32.lib odbccp32.lib /MANIFEST /ManifestFile:"Debug\pacman.exe.intermediate.manifest" /MANIFESTUAC:"level='asInvoker' uiAccess='false'" /DEBUG /PDB:"Z:\c++2\assisgnment\pacman\Debug\pacman.pdb" /SUBSYSTEM:WINDOWS /TLBID:1 /DYNAMICBASE /NXCOMPAT /IMPLIB:"Z:\c++2\assisgnment\pacman\Debug\pacman.lib" /MACHINE:X86 Debug\pacman.exe.embed.manifest.res
         Debug\main.obj
       Manifest:
         C:\Program Files (x86)\Microsoft SDKs\Windows\v7.0A\bin\mt.exe /nologo /verbose /out:"Debug\pacman.exe.embed.manifest" /manifest Debug\pacman.exe.intermediate.manifest
         All outputs are up-to-date.
       LinkEmbedManifest:
         All outputs are up-to-date.
         pacman.vcxproj -> Z:\c++2\assisgnment\pacman\Debug\pacman.exe
       FinalizeBuildStatus:
         Deleting file "Debug\pacman.unsuccessfulbuild".
         Touching "Debug\pacman.lastbuildstate".
     1>Done Building Project "Z:\c++2\assisgnment\pacman\pacman\pacman.vcxproj" (build target(s)).

Build succeeded.

Time Elapsed 00:00:03.93
